<?xml version="1.0" encoding="UTF-8"?>
<testng-results ignored="0" total="2" passed="2" failed="0" skipped="0">
  <reporter-output>
  </reporter-output>
  <suite started-at="2024-01-22T20:10:05 IST" name="SmokeSuite" finished-at="2024-01-22T20:11:12 IST" duration-ms="67907">
    <groups>
    </groups>
    <test started-at="2024-01-22T20:10:05 IST" name="Test" finished-at="2024-01-22T20:11:12 IST" duration-ms="67907">
      <class name="TestCases.TC_001_HomePage">
        <test-method is-config="true" signature="startTest()[pri:0, instance:TestCases.TC_001_HomePage@25641d39]" started-at="2024-01-22T20:10:05 IST" name="startTest" finished-at="2024-01-22T20:10:11 IST" duration-ms="6289" status="PASS">
          <reporter-output>
          </reporter-output>
        </test-method> <!-- startTest -->
        <test-method signature="HomepageTestCase()[pri:0, instance:TestCases.TC_001_HomePage@25641d39]" started-at="2024-01-22T20:10:11 IST" name="HomepageTestCase" finished-at="2024-01-22T20:10:20 IST" duration-ms="9271" status="PASS">
          <reporter-output>
          </reporter-output>
        </test-method> <!-- HomepageTestCase -->
        <test-method is-config="true" signature="tearDown()[pri:0, instance:TestCases.TC_001_HomePage@25641d39]" started-at="2024-01-22T20:10:20 IST" name="tearDown" finished-at="2024-01-22T20:10:21 IST" duration-ms="249" status="PASS">
          <reporter-output>
          </reporter-output>
        </test-method> <!-- tearDown -->
      </class> <!-- TestCases.TC_001_HomePage -->
      <class name="TestCases.TC_002_RecruitmentPage">
        <test-method is-config="true" signature="startTest()[pri:0, instance:TestCases.TC_002_RecruitmentPage@117159c0]" started-at="2024-01-22T20:10:21 IST" name="startTest" finished-at="2024-01-22T20:10:27 IST" duration-ms="6054" status="PASS">
          <reporter-output>
          </reporter-output>
        </test-method> <!-- startTest -->
        <test-method signature="HomeTC2()[pri:0, instance:TestCases.TC_002_RecruitmentPage@117159c0]" started-at="2024-01-22T20:10:27 IST" name="HomeTC2" finished-at="2024-01-22T20:11:12 IST" duration-ms="45504" status="PASS">
          <reporter-output>
          </reporter-output>
        </test-method> <!-- HomeTC2 -->
        <test-method is-config="true" signature="tearDown()[pri:0, instance:TestCases.TC_002_RecruitmentPage@117159c0]" started-at="2024-01-22T20:11:12 IST" name="tearDown" finished-at="2024-01-22T20:11:12 IST" duration-ms="296" status="PASS">
          <reporter-output>
          </reporter-output>
        </test-method> <!-- tearDown -->
      </class> <!-- TestCases.TC_002_RecruitmentPage -->
    </test> <!-- Test -->
  </suite> <!-- SmokeSuite -->
</testng-results>
