<?xml version="1.0" encoding="UTF-8"?>
<testsuite xmlns:xsi="http://www.w3.org/2001/XMLSchema-instance" xsi:noNamespaceSchemaLocation="https://maven.apache.org/surefire/maven-surefire-plugin/xsd/surefire-test-report-3.0.xsd" version="3.0" name="TestSuite" time="69.261" tests="2" errors="0" skipped="0" failures="0">
  <properties>
[...]
</properties>
  <testcase name="HomepageTestCase" classname="TestCases.TC_001_HomePage" time="9.273">
    <system-out><![CDATA[ INFO [main] (TC_001_HomePage.java:17)- KSRTC Homepage started
Count of windows: 2
 window ID: C35494C9B34DC1E2C428E523B4377A10
 window ID: 2A5974EAB146DD5FB4B7B7ADEBFC54F9
Now in child Window   id--> 2A5974EAB146DD5FB4B7B7ADEBFC54F9
Closing child window
 INFO [main] (TC_001_HomePage.java:32)- Completed TestCase 1
]]></system-out>
    <system-err><![CDATA[SLF4J: Failed to load class "org.slf4j.impl.StaticLoggerBinder".
SLF4J: Defaulting to no-operation (NOP) logger implementation
SLF4J: See http://www.slf4j.org/codes.html#StaticLoggerBinder for further details.
Jan 22, 2024 8:10:07 PM org.openqa.selenium.devtools.CdpVersionFinder findNearestMatch
WARNING: Unable to find an exact match for CDP version 120, returning the closest version; found: 119; Please update to a Selenium version that supports CDP version 120
]]></system-err>
  </testcase>
  <testcase name="HomeTC2" classname="TestCases.TC_002_RecruitmentPage" time="45.503">
    <system-out><![CDATA[Second Test case: Home page of KSRTC
Second Test case: Recruiting page
In recruitment - page object
AWATAR Operator - Franchise login
KSRTC eMail
Online Provident Fund
KSRTC Stat Application
KSRTC Online Leave Management System
CRM Login
Job completed
 INFO [main] (TC_002_RecruitmentPage.java:19)- TestCase 2 completed
]]></system-out>
    <system-err><![CDATA[Jan 22, 2024 8:10:23 PM org.openqa.selenium.devtools.CdpVersionFinder findNearestMatch
WARNING: Unable to find an exact match for CDP version 120, returning the closest version; found: 119; Please update to a Selenium version that supports CDP version 120
]]></system-err>
  </testcase>
</testsuite>