<?xml version="1.0" encoding="UTF-8"?>
<testng-results ignored="0" total="2" passed="2" failed="0" skipped="0">
  <reporter-output>
  </reporter-output>
  <suite started-at="2024-01-22T20:08:33 IST" name="SmokeSuite" finished-at="2024-01-22T20:09:45 IST" duration-ms="72151">
    <groups>
    </groups>
    <test started-at="2024-01-22T20:08:33 IST" name="Test" finished-at="2024-01-22T20:09:45 IST" duration-ms="72151">
      <class name="TestCases.TC_001_HomePage">
        <test-method is-config="true" signature="startTest()[pri:0, instance:TestCases.TC_001_HomePage@649bec2e]" started-at="2024-01-22T20:08:34 IST" name="startTest" finished-at="2024-01-22T20:08:42 IST" duration-ms="8429" status="PASS">
          <reporter-output>
          </reporter-output>
        </test-method> <!-- startTest -->
        <test-method signature="HomepageTestCase()[pri:0, instance:TestCases.TC_001_HomePage@649bec2e]" started-at="2024-01-22T20:08:42 IST" name="HomepageTestCase" finished-at="2024-01-22T20:08:51 IST" duration-ms="9256" status="PASS">
          <reporter-output>
          </reporter-output>
        </test-method> <!-- HomepageTestCase -->
        <test-method is-config="true" signature="tearDown()[pri:0, instance:TestCases.TC_001_HomePage@649bec2e]" started-at="2024-01-22T20:08:51 IST" name="tearDown" finished-at="2024-01-22T20:08:52 IST" duration-ms="333" status="PASS">
          <reporter-output>
          </reporter-output>
        </test-method> <!-- tearDown -->
      </class> <!-- TestCases.TC_001_HomePage -->
      <class name="TestCases.TC_002_RecruitmentPage">
        <test-method is-config="true" signature="startTest()[pri:0, instance:TestCases.TC_002_RecruitmentPage@693fe6c9]" started-at="2024-01-22T20:08:52 IST" name="startTest" finished-at="2024-01-22T20:08:59 IST" duration-ms="7482" status="PASS">
          <reporter-output>
          </reporter-output>
        </test-method> <!-- startTest -->
        <test-method signature="HomeTC2()[pri:0, instance:TestCases.TC_002_RecruitmentPage@693fe6c9]" started-at="2024-01-22T20:08:59 IST" name="HomeTC2" finished-at="2024-01-22T20:09:45 IST" duration-ms="45929" status="PASS">
          <reporter-output>
          </reporter-output>
        </test-method> <!-- HomeTC2 -->
        <test-method is-config="true" signature="tearDown()[pri:0, instance:TestCases.TC_002_RecruitmentPage@693fe6c9]" started-at="2024-01-22T20:09:45 IST" name="tearDown" finished-at="2024-01-22T20:09:45 IST" duration-ms="311" status="PASS">
          <reporter-output>
          </reporter-output>
        </test-method> <!-- tearDown -->
      </class> <!-- TestCases.TC_002_RecruitmentPage -->
    </test> <!-- Test -->
  </suite> <!-- SmokeSuite -->
</testng-results>
